# JRE version: OpenJDK Runtime Environment Temurin-17.0.5+8 (17.0.5+8) (build 17.0.5+8)
# Java VM: OpenJDK 64-Bit Server VM Temurin-17.0.5+8 (17.0.5+8, mixed mode, emulated-client, tiered, compressed oops, compressed class ptrs, g1 gc, windows-amd64)
GC Precious Log:
 CPUs: 8 total, 8 available
 Memory: 7975M
 Large Page Support: Disabled
 NUMA Support: Disabled
 Compressed Oops: Enabled (32-bit)
 Heap Region Size: 1M
 Heap Min Capacity: 8M
 Heap Initial Capacity: 126M
 Heap Max Capacity: 1994M
 Pre-touch: Disabled
 Parallel Workers: 8
 Concurrent Workers: 2
 Concurrent Refinement Workers: 8
 Periodic GC: Disabled
Heap:
 garbage-first heap   total 129024K, used 48526K [0x0000000083600000, 0x0000000100000000)
  region size 1024K, 3 young (3072K), 3 survivors (3072K)
 Metaspace       used 17941K, committed 18240K, reserved 1073152K
  class space    used 2025K, committed 2176K, reserved 1048576K
GC Heap History (9 events):
Event: 0.388 GC heap before
{Heap before GC invocations=0 (full 0):
 garbage-first heap   total 129024K, used 23552K [0x0000000083600000, 0x0000000100000000)
  region size 1024K, 23 young (23552K), 0 survivors (0K)
 Metaspace       used 10576K, committed 10816K, reserved 1064960K
  class space    used 1038K, committed 1152K, reserved 1048576K
}
Event: 0.395 GC heap after
{Heap after GC invocations=1 (full 0):
 garbage-first heap   total 129024K, used 12280K [0x0000000083600000, 0x0000000100000000)
  region size 1024K, 3 young (3072K), 3 survivors (3072K)
 Metaspace       used 10576K, committed 10816K, reserved 1064960K
  class space    used 1038K, committed 1152K, reserved 1048576K
}
Event: 0.495 GC heap before
{Heap before GC invocations=1 (full 0):
 garbage-first heap   total 129024K, used 34808K [0x0000000083600000, 0x0000000100000000)
  region size 1024K, 24 young (24576K), 3 survivors (3072K)
 Metaspace       used 11260K, committed 11456K, reserved 1064960K
  class space    used 1103K, committed 1152K, reserved 1048576K
}
Event: 0.503 GC heap after
{Heap after GC invocations=2 (full 0):
 garbage-first heap   total 129024K, used 25384K [0x0000000083600000, 0x0000000100000000)
  region size 1024K, 3 young (3072K), 3 survivors (3072K)
 Metaspace       used 11260K, committed 11456K, reserved 1064960K
  class space    used 1103K, committed 1152K, reserved 1048576K
}
Event: 0.577 GC heap before
{Heap before GC invocations=2 (full 0):
 garbage-first heap   total 129024K, used 52008K [0x0000000083600000, 0x0000000100000000)
  region size 1024K, 29 young (29696K), 3 survivors (3072K)
 Metaspace       used 11260K, committed 11456K, reserved 1064960K
  class space    used 1103K, committed 1152K, reserved 1048576K
}
Event: 0.586 GC heap after
{Heap after GC invocations=3 (full 0):
 garbage-first heap   total 129024K, used 32256K [0x0000000083600000, 0x0000000100000000)
  region size 1024K, 4 young (4096K), 4 survivors (4096K)
 Metaspace       used 11260K, committed 11456K, reserved 1064960K
  class space    used 1103K, committed 1152K, reserved 1048576K
}
Event: 0.786 GC heap before
{Heap before GC invocations=3 (full 0):
 garbage-first heap   total 129024K, used 68096K [0x0000000083600000, 0x0000000100000000)
  region size 1024K, 37 young (37888K), 4 survivors (4096K)
 Metaspace       used 13586K, committed 13824K, reserved 1064960K
  class space    used 1387K, committed 1472K, reserved 1048576K
}
Event: 0.797 GC heap after
{Heap after GC invocations=4 (full 0):
 garbage-first heap   total 129024K, used 44617K [0x0000000083600000, 0x0000000100000000)
  region size 1024K, 5 young (5120K), 5 survivors (5120K)
 Metaspace       used 13586K, committed 13824K, reserved 1064960K
  class space    used 1387K, committed 1472K, reserved 1048576K
}
Event: 1.067 GC heap before
{Heap before GC invocations=4 (full 0):
 garbage-first heap   total 129024K, used 77385K [0x0000000083600000, 0x0000000100000000)
  region size 1024K, 37 young (37888K), 5 survivors (5120K)
 Metaspace       used 17941K, committed 18240K, reserved 1073152K
  class space    used 2025K, committed 2176K, reserved 1048576K
}

