# JRE version: OpenJDK Runtime Environment Temurin-17.0.5+8 (17.0.5+8) (build 17.0.5+8)
# Java VM: OpenJDK 64-Bit Server VM Temurin-17.0.5+8 (17.0.5+8, mixed mode, tiered, compressed oops, compressed class ptrs, g1 gc, windows-amd64)
GC Precious Log:
 CPUs: 8 total, 8 available
 Memory: 7975M
 Large Page Support: Disabled
 NUMA Support: Disabled
 Compressed Oops: Enabled (32-bit)
 Heap Region Size: 1M
 Heap Min Capacity: 8M
 Heap Initial Capacity: 126M
 Heap Max Capacity: 1994M
 Pre-touch: Disabled
 Parallel Workers: 8
 Concurrent Workers: 2
 Concurrent Refinement Workers: 8
 Periodic GC: Disabled
Heap:
 garbage-first heap   total 273408K, used 169277K [0x0000000083600000, 0x0000000100000000)
  region size 1024K, 7 young (7168K), 7 survivors (7168K)
 Metaspace       used 31449K, committed 31744K, reserved 1081344K
  class space    used 3135K, committed 3264K, reserved 1048576K
GC Heap History (20 events):
Event: 2.633 GC heap after
{Heap after GC invocations=15 (full 0):
 garbage-first heap   total 192512K, used 52701K [0x0000000083600000, 0x0000000100000000)
  region size 1024K, 3 young (3072K), 3 survivors (3072K)
 Metaspace       used 27098K, committed 27328K, reserved 1073152K
  class space    used 2725K, committed 2816K, reserved 1048576K
}
Event: 2.934 GC heap before
{Heap before GC invocations=15 (full 0):
 garbage-first heap   total 192512K, used 140765K [0x0000000083600000, 0x0000000100000000)
  region size 1024K, 88 young (90112K), 3 survivors (3072K)
 Metaspace       used 27189K, committed 27392K, reserved 1073152K
  class space    used 2725K, committed 2816K, reserved 1048576K
}
Event: 2.944 GC heap after
{Heap after GC invocations=16 (full 0):
 garbage-first heap   total 192512K, used 68430K [0x0000000083600000, 0x0000000100000000)
  region size 1024K, 11 young (11264K), 11 survivors (11264K)
 Metaspace       used 27189K, committed 27392K, reserved 1073152K
  class space    used 2725K, committed 2816K, reserved 1048576K
}
Event: 3.069 GC heap before
{Heap before GC invocations=16 (full 0):
 garbage-first heap   total 192512K, used 130894K [0x0000000083600000, 0x0000000100000000)
  region size 1024K, 72 young (73728K), 11 survivors (11264K)
 Metaspace       used 27285K, committed 27456K, reserved 1081344K
  class space    used 2731K, committed 2816K, reserved 1048576K
}
Event: 3.077 GC heap after
{Heap after GC invocations=17 (full 0):
 garbage-first heap   total 192512K, used 77432K [0x0000000083600000, 0x0000000100000000)
  region size 1024K, 9 young (9216K), 9 survivors (9216K)
 Metaspace       used 27285K, committed 27456K, reserved 1081344K
  class space    used 2731K, committed 2816K, reserved 1048576K
}
Event: 3.303 GC heap before
{Heap before GC invocations=17 (full 0):
 garbage-first heap   total 192512K, used 140920K [0x0000000083600000, 0x0000000100000000)
  region size 1024K, 68 young (69632K), 9 survivors (9216K)
 Metaspace       used 28047K, committed 28288K, reserved 1081344K
  class space    used 2807K, committed 2944K, reserved 1048576K
}
Event: 3.319 GC heap after
{Heap after GC invocations=18 (full 0):
 garbage-first heap   total 192512K, used 104921K [0x0000000083600000, 0x0000000100000000)
  region size 1024K, 9 young (9216K), 9 survivors (9216K)
 Metaspace       used 28047K, committed 28288K, reserved 1081344K
  class space    used 2807K, committed 2944K, reserved 1048576K
}
Event: 3.335 GC heap before
{Heap before GC invocations=18 (full 0):
 garbage-first heap   total 192512K, used 113113K [0x0000000083600000, 0x0000000100000000)
  region size 1024K, 18 young (18432K), 9 survivors (9216K)
 Metaspace       used 28048K, committed 28288K, reserved 1081344K
  class space    used 2807K, committed 2944K, reserved 1048576K
}
Event: 3.341 GC heap after
{Heap after GC invocations=19 (full 0):
 garbage-first heap   total 273408K, used 109056K [0x0000000083600000, 0x0000000100000000)
  region size 1024K, 3 young (3072K), 3 survivors (3072K)
 Metaspace       used 28048K, committed 28288K, reserved 1081344K
  class space    used 2807K, committed 2944K, reserved 1048576K
}
Event: 3.825 GC heap before
{Heap before GC invocations=19 (full 0):
 garbage-first heap   total 273408K, used 192000K [0x0000000083600000, 0x0000000100000000)
  region size 1024K, 80 young (81920K), 3 survivors (3072K)
 Metaspace       used 30723K, committed 31040K, reserved 1081344K
  class space    used 3063K, committed 3200K, reserved 1048576K
}
Event: 3.832 GC heap after
{Heap after GC invocations=20 (full 0):
 garbage-first heap   total 273408K, used 121856K [0x0000000083600000, 0x0000000100000000)
  region size 1024K, 10 young (10240K), 10 survivors (10240K)
 Metaspace       used 30723K, committed 31040K, reserved 1081344K
  class space    used 3063K, committed 3200K, reserved 1048576K
}
Event: 4.112 GC heap before
{Heap before GC invocations=20 (full 0):
 garbage-first heap   total 273408K, used 201728K [0x0000000083600000, 0x0000000100000000)
  region size 1024K, 84 young (86016K), 10 survivors (10240K)
 Metaspace       used 31038K, committed 31360K, reserved 1081344K
  class space    used 3089K, committed 3264K, reserved 1048576K
}
Event: 4.120 GC heap after
{Heap after GC invocations=21 (full 0):
 garbage-first heap   total 273408K, used 140071K [0x0000000083600000, 0x0000000100000000)
  region size 1024K, 11 young (11264K), 11 survivors (11264K)
 Metaspace       used 31038K, committed 31360K, reserved 1081344K
  class space    used 3089K, committed 3264K, reserved 1048576K
}
Event: 4.229 GC heap before
{Heap before GC invocations=21 (full 0):
 garbage-first heap   total 273408K, used 192295K [0x0000000083600000, 0x0000000100000000)
  region size 1024K, 63 young (64512K), 11 survivors (11264K)
 Metaspace       used 31126K, committed 31488K, reserved 1081344K
  class space    used 3098K, committed 3264K, reserved 1048576K
}
Event: 4.241 GC heap after
{Heap after GC invocations=22 (full 0):
 garbage-first heap   total 273408K, used 155648K [0x0000000083600000, 0x0000000100000000)
  region size 1024K, 10 young (10240K), 10 survivors (10240K)
 Metaspace       used 31126K, committed 31488K, reserved 1081344K
  class space    used 3098K, committed 3264K, reserved 1048576K
}
Event: 4.428 GC heap before
{Heap before GC invocations=23 (full 0):
 garbage-first heap   total 273408K, used 201728K [0x0000000083600000, 0x0000000100000000)
  region size 1024K, 61 young (62464K), 10 survivors (10240K)
 Metaspace       used 31440K, committed 31744K, reserved 1081344K
  class space    used 3135K, committed 3264K, reserved 1048576K
}
Event: 4.439 GC heap after
{Heap after GC invocations=24 (full 0):
 garbage-first heap   total 273408K, used 162246K [0x0000000083600000, 0x0000000100000000)
  region size 1024K, 8 young (8192K), 8 survivors (8192K)
 Metaspace       used 31440K, committed 31744K, reserved 1081344K
  class space    used 3135K, committed 3264K, reserved 1048576K
}
Event: 4.450 GC heap before
{Heap before GC invocations=24 (full 0):
 garbage-first heap   total 273408K, used 167366K [0x0000000083600000, 0x0000000100000000)
  region size 1024K, 13 young (13312K), 8 survivors (8192K)
 Metaspace       used 31442K, committed 31744K, reserved 1081344K
  class space    used 3135K, committed 3264K, reserved 1048576K
}
Event: 4.455 GC heap after
{Heap after GC invocations=25 (full 0):
 garbage-first heap   total 273408K, used 162241K [0x0000000083600000, 0x0000000100000000)
  region size 1024K, 2 young (2048K), 2 survivors (2048K)
 Metaspace       used 31442K, committed 31744K, reserved 1081344K
  class space    used 3135K, committed 3264K, reserved 1048576K
}
Event: 4.561 GC heap before
{Heap before GC invocations=25 (full 0):
 garbage-first heap   total 273408K, used 211393K [0x0000000083600000, 0x0000000100000000)
  region size 1024K, 50 young (51200K), 2 survivors (2048K)
 Metaspace       used 31449K, committed 31744K, reserved 1081344K
  class space    used 3135K, committed 3264K, reserved 1048576K
}

